                                                           The SAS System                      19:05 Thursday, December 12, 2019   1

                                                        The Mixed Procedure

                                                         Model Information

                                       Data Set                     WORK.MOUSE               
                                       Dependent Variable           log_tot_dist             
                                       Covariance Structure         Variance Components      
                                       Estimation Method            REML                     
                                       Residual Variance Method     Profile                  
                                       Fixed Effects SE Method      Model-Based              
                                       Degrees of Freedom Method    Containment              


                                                      Class Level Information
 
                                       Class         Levels    Values

                                       Condition          2    Atypical Typical              
                                       Exemplar          19    Aal Alligator Chamaeleon Falke
                                                               Fledermaus Goldfisch Hai Hund 
                                                               Kaninchen Katze Klapperschlan 
                                                               Lachs Loewe Pferd Pinguin     
                                                               Schmetterling Seeloewe Spatz  
                                                               Wal                           
                                       subject_nr        60    1 2 3 4 5 6 7 8 9 10 11 12 13 
                                                               14 15 16 17 18 19 20 21 22 23 
                                                               24 25 26 27 28 29 30 31 32 33 
                                                               34 35 36 37 38 39 40 41 42 43 
                                                               44 45 46 47 48 49 50 51 52 53 
                                                               54 55 56 57 58 59 60          


                                                            Dimensions

                                                Covariance Parameters             3
                                                Columns in X                      3
                                                Columns in Z                     79
                                                Subjects                          1
                                                Max Obs per Subject            1064


                                                      Number of Observations

                                            Number of Observations Read            1064
                                            Number of Observations Used            1064
                                            Number of Observations Not Used           0


                                                         Iteration History
 
                                    Iteration    Evaluations    -2 Res Log Like       Criterion

                                            0              1       644.38239701                
                                            1              2       591.21928997      0.00000447
                                            2              1       591.21618263      0.00000001
                                                           The SAS System                      19:05 Thursday, December 12, 2019   2

                                                        The Mixed Procedure

                                                     Convergence criteria met.                    


                                                  Covariance Parameter Estimates
 
                                                                Standard         Z
                                     Cov Parm       Estimate       Error     Value      Pr > Z

                                     subject_nr     0.009081    0.002680      3.39      0.0004
                                     Exemplar       0.004453    0.002136      2.08      0.0186
                                     Residual        0.09357    0.004218     22.18      <.0001


                                                          Fit Statistics

                                               -2 Res Log Likelihood           591.2
                                               AIC (Smaller is Better)         597.2
                                               AICC (Smaller is Better)        597.2
                                               BIC (Smaller is Better)         603.5


                                                     Solution for Fixed Effects
 
                                                  Standard
         Effect          Condition    Estimate       Error      DF    t Value    Pr > |t|     Alpha       Lower       Upper

         Intercept                      7.1517     0.02491      17     287.09      <.0001      0.05      7.0992      7.2043
         Condition       Atypical       0.1613     0.03882     986       4.16      <.0001      0.05     0.08516      0.2375
         Condition       Typical             0           .       .        .         .             .           .           .


                                                    Solution for Random Effects
 
                                                            Std Err
Effect        Exemplar         subject_nr      Estimate        Pred      DF    t Value    Pr > |t|     Alpha       Lower       Upper

subject_nr                                1    -0.04831     0.05935     986      -0.81      0.4158      0.05     -0.1648     0.06816
subject_nr                                2    -0.02438     0.05739     986      -0.42      0.6711      0.05     -0.1370     0.08825
subject_nr                                3      0.1700     0.05835     986       2.91      0.0037      0.05     0.05546      0.2845
subject_nr                                4      0.1196     0.05835     986       2.05      0.0406      0.05    0.005136      0.2341
subject_nr                                5    -0.01183     0.05739     986      -0.21      0.8368      0.05     -0.1245      0.1008
subject_nr                                6     0.07283     0.05739     986       1.27      0.2048      0.05    -0.03980      0.1855
subject_nr                                7    -0.01337     0.05739     986      -0.23      0.8159      0.05     -0.1260     0.09926
subject_nr                                8    -0.09239     0.05935     986      -1.56      0.1199      0.05     -0.2089     0.02408
subject_nr                                9     0.01357     0.06154     986       0.22      0.8255      0.05     -0.1072      0.1343
subject_nr                               10    -0.09537     0.05739     986      -1.66      0.0969      0.05     -0.2080     0.01726
subject_nr                               11    -0.03197     0.05739     986      -0.56      0.5776      0.05     -0.1446     0.08066
subject_nr                               12     0.01524     0.05935     986       0.26      0.7974      0.05     -0.1012      0.1317
subject_nr                               13    -0.01916     0.05739     986      -0.33      0.7386      0.05     -0.1318     0.09347
subject_nr                               14    -0.02614     0.05935     986      -0.44      0.6597      0.05     -0.1426     0.09034
subject_nr                               15    -0.05877     0.05936     986      -0.99      0.3224      0.05     -0.1752     0.05771
subject_nr                               16     0.06254     0.06155     986       1.02      0.3098      0.05    -0.05825      0.1833
subject_nr                               17    -0.06656     0.05835     986      -1.14      0.2542      0.05     -0.1811     0.04793
subject_nr                               18     0.04791     0.05835     986       0.82      0.4118      0.05    -0.06659      0.1624
subject_nr                               19    -0.05747     0.05835     986      -0.99      0.3248      0.05     -0.1720     0.05702
subject_nr                               20    -0.02253     0.05739     986      -0.39      0.6947      0.05     -0.1352     0.09010
                                                           The SAS System                      19:05 Thursday, December 12, 2019   3

                                                        The Mixed Procedure

                                                    Solution for Random Effects
 
                                                            Std Err
Effect        Exemplar         subject_nr      Estimate        Pred      DF    t Value    Pr > |t|     Alpha       Lower       Upper

subject_nr                               21      0.1551     0.05835     986       2.66      0.0080      0.05     0.04062      0.2696
subject_nr                               22    -0.02982     0.05935     986      -0.50      0.6155      0.05     -0.1463     0.08665
subject_nr                               23    0.001660     0.05739     986       0.03      0.9769      0.05     -0.1110      0.1143
subject_nr                               24    -0.01113     0.05739     986      -0.19      0.8463      0.05     -0.1238      0.1015
subject_nr                               25     0.07472     0.05935     986       1.26      0.2084      0.05    -0.04175      0.1912
subject_nr                               26      0.1035     0.05835     986       1.77      0.0764      0.05    -0.01101      0.2180
subject_nr                               27     0.08626     0.06041     986       1.43      0.1536      0.05    -0.03229      0.2048
subject_nr                               28     0.03011     0.06154     986       0.49      0.6247      0.05    -0.09065      0.1509
subject_nr                               29    -0.04595     0.06041     986      -0.76      0.4471      0.05     -0.1645     0.07260
subject_nr                               30     0.03838     0.05935     986       0.65      0.5180      0.05    -0.07809      0.1549
subject_nr                               31     -0.1138     0.05739     986      -1.98      0.0477      0.05     -0.2264    -0.00115
subject_nr                               32    0.006380     0.05835     986       0.11      0.9129      0.05     -0.1081      0.1209
subject_nr                               33      0.1761     0.05739     986       3.07      0.0022      0.05     0.06351      0.2888
subject_nr                               34    -0.01173     0.05739     986      -0.20      0.8381      0.05     -0.1244      0.1009
subject_nr                               35     -0.1120     0.05739     986      -1.95      0.0512      0.05     -0.2247    0.000588
subject_nr                               36      0.1520     0.06684     986       2.27      0.0232      0.05     0.02083      0.2832
subject_nr                               37     0.08371     0.05739     986       1.46      0.1450      0.05    -0.02892      0.1963
subject_nr                               38    -0.07704     0.06041     986      -1.28      0.2026      0.05     -0.1956     0.04152
subject_nr                               39    -0.03440     0.05739     986      -0.60      0.5491      0.05     -0.1470     0.07823
subject_nr                               40    0.007331     0.05834     986       0.13      0.9000      0.05     -0.1072      0.1218
subject_nr                               41    -0.01185     0.05739     986      -0.21      0.8365      0.05     -0.1245      0.1008
subject_nr                               42     0.03368     0.05835     986       0.58      0.5639      0.05    -0.08082      0.1482
subject_nr                               43     -0.1395     0.05739     986      -2.43      0.0152      0.05     -0.2521    -0.02688
subject_nr                               44    -0.07090     0.06042     986      -1.17      0.2409      0.05     -0.1895     0.04766
subject_nr                               45     -0.1173     0.05739     986      -2.04      0.0412      0.05     -0.2299    -0.00469
subject_nr                               46     0.01172     0.06041     986       0.19      0.8463      0.05     -0.1068      0.1303
subject_nr                               47    -0.07200     0.05739     986      -1.25      0.2100      0.05     -0.1846     0.04063
subject_nr                               48    -0.04643     0.05935     986      -0.78      0.4343      0.05     -0.1629     0.07004
subject_nr                               49     0.09871     0.06274     986       1.57      0.1160      0.05    -0.02441      0.2218
subject_nr                               50     0.05718     0.05739     986       1.00      0.3193      0.05    -0.05545      0.1698
subject_nr                               51    -0.04440     0.05739     986      -0.77      0.4394      0.05     -0.1570     0.06823
subject_nr                               52    -0.06593     0.05835     986      -1.13      0.2588      0.05     -0.1804     0.04857
subject_nr                               53    -0.08392     0.05739     986      -1.46      0.1440      0.05     -0.1966     0.02870
subject_nr                               54     0.06746     0.05935     986       1.14      0.2560      0.05    -0.04901      0.1839
subject_nr                               55     0.05525     0.05935     986       0.93      0.3522      0.05    -0.06122      0.1717
subject_nr                               56    -0.01468     0.05739     986      -0.26      0.7982      0.05     -0.1273     0.09795
subject_nr                               57    -0.08377     0.05935     986      -1.41      0.1584      0.05     -0.2002     0.03270
subject_nr                               58     0.02859     0.05739     986       0.50      0.6185      0.05    -0.08404      0.1412
subject_nr                               59    -0.08444     0.05834     986      -1.45      0.1481      0.05     -0.1989     0.03005
subject_nr                               60     0.06972     0.05739     986       1.21      0.2248      0.05    -0.04291      0.1823
Exemplar      Aal                               -0.1053     0.04215     986      -2.50      0.0127      0.05     -0.1880    -0.02256
Exemplar      Alligator                        -0.02732     0.03792     986      -0.72      0.4715      0.05     -0.1017     0.04710
Exemplar      Chamaeleon                       -0.00247     0.03791     986      -0.07      0.9480      0.05    -0.07688     0.07193
Exemplar      Falke                            -0.00027     0.03792     986      -0.01      0.9943      0.05    -0.07467     0.07414
Exemplar      Fledermaus                       0.006303     0.04400     986       0.14      0.8861      0.05    -0.08004     0.09265
Exemplar      Goldfisch                        -0.03075     0.03758     986      -0.82      0.4134      0.05     -0.1045     0.04299
Exemplar      Hai                               0.02790     0.03923     986       0.71      0.4771      0.05    -0.04908      0.1049
Exemplar      Hund                             -0.02311     0.03758     986      -0.61      0.5387      0.05    -0.09686     0.05064
Exemplar      Kaninchen                        -0.05374     0.03758     986      -1.43      0.1530      0.05     -0.1275     0.02001
Exemplar      Katze                            -0.03055     0.03809     986      -0.80      0.4227      0.05     -0.1053     0.04420
Exemplar      Klapperschlan                      0.1039     0.04031     986       2.58      0.0101      0.05     0.02477      0.1830
                                                           The SAS System                      19:05 Thursday, December 12, 2019   4

                                                        The Mixed Procedure

                                                    Solution for Random Effects
 
                                                            Std Err
Effect        Exemplar         subject_nr      Estimate        Pred      DF    t Value    Pr > |t|     Alpha       Lower       Upper

Exemplar      Lachs                            -0.02237     0.03774     986      -0.59      0.5535      0.05    -0.09644     0.05170
Exemplar      Loewe                             0.02126     0.03758     986       0.57      0.5718      0.05    -0.05249     0.09500
Exemplar      Pferd                            -0.00325     0.03758     986      -0.09      0.9312      0.05    -0.07699     0.07050
Exemplar      Pinguin                           0.07738     0.04189     986       1.85      0.0650      0.05    -0.00483      0.1596
Exemplar      Schmetterling                    -0.06745     0.04165     986      -1.62      0.1056      0.05     -0.1492     0.01428
Exemplar      Seeloewe                         -0.02295     0.04214     986      -0.54      0.5861      0.05     -0.1056     0.05974
Exemplar      Spatz                             0.04081     0.03809     986       1.07      0.2842      0.05    -0.03393      0.1156
Exemplar      Wal                                0.1120     0.04269     986       2.62      0.0088      0.05     0.02822      0.1958


                                                   Type 3 Tests of Fixed Effects
 
                                                         Num     Den
                                           Effect         DF      DF    F Value    Pr > F

                                           Condition       1     986      17.27    <.0001
                                                           The SAS System                      19:05 Thursday, December 12, 2019   5

                                                        The Mixed Procedure

                                                         Model Information

                                       Data Set                     WORK.MOUSE               
                                       Dependent Variable           log_avg_abs_dev          
                                       Covariance Structure         Variance Components      
                                       Estimation Method            REML                     
                                       Residual Variance Method     Profile                  
                                       Fixed Effects SE Method      Model-Based              
                                       Degrees of Freedom Method    Containment              


                                                      Class Level Information
 
                                       Class         Levels    Values

                                       Condition          2    Atypical Typical              
                                       Exemplar          19    Aal Alligator Chamaeleon Falke
                                                               Fledermaus Goldfisch Hai Hund 
                                                               Kaninchen Katze Klapperschlan 
                                                               Lachs Loewe Pferd Pinguin     
                                                               Schmetterling Seeloewe Spatz  
                                                               Wal                           
                                       subject_nr        60    1 2 3 4 5 6 7 8 9 10 11 12 13 
                                                               14 15 16 17 18 19 20 21 22 23 
                                                               24 25 26 27 28 29 30 31 32 33 
                                                               34 35 36 37 38 39 40 41 42 43 
                                                               44 45 46 47 48 49 50 51 52 53 
                                                               54 55 56 57 58 59 60          


                                                            Dimensions

                                                Covariance Parameters             3
                                                Columns in X                      3
                                                Columns in Z                     79
                                                Subjects                          1
                                                Max Obs per Subject            1064


                                                      Number of Observations

                                            Number of Observations Read            1064
                                            Number of Observations Used            1064
                                            Number of Observations Not Used           0


                                                         Iteration History
 
                                    Iteration    Evaluations    -2 Res Log Like       Criterion

                                            0              1      3681.98954124                
                                            1              2      3599.45188328      0.00000149
                                            2              1      3599.45063250      0.00000000
                                                           The SAS System                      19:05 Thursday, December 12, 2019   6

                                                        The Mixed Procedure

                                                     Convergence criteria met.                    


                                                  Covariance Parameter Estimates
 
                                                                Standard         Z
                                     Cov Parm       Estimate       Error     Value      Pr > Z

                                     subject_nr       0.2498     0.06250      4.00      <.0001
                                     Exemplar        0.04642     0.02617      1.77      0.0380
                                     Residual         1.5679     0.07065     22.19      <.0001


                                                          Fit Statistics

                                               -2 Res Log Likelihood          3599.5
                                               AIC (Smaller is Better)        3605.5
                                               AICC (Smaller is Better)       3605.5
                                               BIC (Smaller is Better)        3611.7


                                                    Solution for Fixed Effects
 
                                                   Standard
       Effect             Condition    Estimate       Error      DF    t Value    Pr > |t|     Alpha       Lower       Upper

       Intercept                         3.0824     0.09929      17      31.05      <.0001      0.05      2.8729      3.2919
       Condition          Atypical       0.6511      0.1356     986       4.80      <.0001      0.05      0.3850      0.9172
       Condition          Typical             0           .       .        .         .             .           .           .


                                                    Solution for Random Effects
 
                                                            Std Err
Effect        Exemplar         subject_nr      Estimate        Pred      DF    t Value    Pr > |t|     Alpha       Lower       Upper

subject_nr                                1     -0.1669      0.2654     986      -0.63      0.5297      0.05     -0.6876      0.3539
subject_nr                                2     -0.6152      0.2554     986      -2.41      0.0162      0.05     -1.1164     -0.1140
subject_nr                                3      0.4915      0.2602     986       1.89      0.0592      0.05    -0.01913      1.0022
subject_nr                                4      0.7790      0.2602     986       2.99      0.0028      0.05      0.2683      1.2896
subject_nr                                5      0.1247      0.2554     986       0.49      0.6255      0.05     -0.3765      0.6259
subject_nr                                6     0.04563      0.2554     986       0.18      0.8582      0.05     -0.4556      0.5468
subject_nr                                7      0.3309      0.2554     986       1.30      0.1954      0.05     -0.1703      0.8321
subject_nr                                8     -0.6325      0.2654     986      -2.38      0.0173      0.05     -1.1533     -0.1117
subject_nr                                9      0.1778      0.2768     986       0.64      0.5207      0.05     -0.3654      0.7210
subject_nr                               10     -0.3114      0.2554     986      -1.22      0.2231      0.05     -0.8126      0.1898
subject_nr                               11    -0.01465      0.2554     986      -0.06      0.9543      0.05     -0.5158      0.4865
subject_nr                               12     -0.2535      0.2654     986      -0.96      0.3396      0.05     -0.7743      0.2672
subject_nr                               13      0.5342      0.2554     986       2.09      0.0367      0.05     0.03301      1.0354
subject_nr                               14      0.3127      0.2654     986       1.18      0.2390      0.05     -0.2081      0.8335
subject_nr                               15     -0.2620      0.2654     986      -0.99      0.3238      0.05     -0.7829      0.2588
subject_nr                               16      0.5520      0.2768     986       1.99      0.0464      0.05    0.008725      1.0952
subject_nr                               17     -0.5559      0.2602     986      -2.14      0.0329      0.05     -1.0665    -0.04521
subject_nr                               18      0.1786      0.2602     986       0.69      0.4926      0.05     -0.3320      0.6893
subject_nr                               19     -0.5936      0.2602     986      -2.28      0.0228      0.05     -1.1043    -0.08295
subject_nr                               20     -0.2396      0.2554     986      -0.94      0.3485      0.05     -0.7408      0.2616
                                                           The SAS System                      19:05 Thursday, December 12, 2019   7

                                                        The Mixed Procedure

                                                    Solution for Random Effects
 
                                                            Std Err
Effect        Exemplar         subject_nr      Estimate        Pred      DF    t Value    Pr > |t|     Alpha       Lower       Upper

subject_nr                               21      0.3375      0.2602     986       1.30      0.1949      0.05     -0.1731      0.8482
subject_nr                               22    -0.03656      0.2654     986      -0.14      0.8905      0.05     -0.5573      0.4842
subject_nr                               23      0.3904      0.2554     986       1.53      0.1267      0.05     -0.1108      0.8916
subject_nr                               24     -0.1012      0.2554     986      -0.40      0.6920      0.05     -0.6024      0.4000
subject_nr                               25      0.2353      0.2654     986       0.89      0.3756      0.05     -0.2855      0.7560
subject_nr                               26      0.4599      0.2602     986       1.77      0.0775      0.05    -0.05076      0.9706
subject_nr                               27     0.02857      0.2709     986       0.11      0.9160      0.05     -0.5030      0.5601
subject_nr                               28     -0.3693      0.2768     986      -1.33      0.1824      0.05     -0.9124      0.1739
subject_nr                               29     0.05263      0.2709     986       0.19      0.8460      0.05     -0.4789      0.5842
subject_nr                               30      0.3664      0.2654     986       1.38      0.1677      0.05     -0.1544      0.8872
subject_nr                               31     -0.5747      0.2554     986      -2.25      0.0247      0.05     -1.0759    -0.07351
subject_nr                               32     -0.3452      0.2602     986      -1.33      0.1850      0.05     -0.8558      0.1655
subject_nr                               33      0.5877      0.2554     986       2.30      0.0216      0.05     0.08655      1.0889
subject_nr                               34     -0.3084      0.2554     986      -1.21      0.2275      0.05     -0.8096      0.1928
subject_nr                               35     -0.2322      0.2554     986      -0.91      0.3636      0.05     -0.7333      0.2690
subject_nr                               36      0.6645      0.3055     986       2.18      0.0299      0.05     0.06501      1.2639
subject_nr                               37      0.4622      0.2554     986       1.81      0.0707      0.05    -0.03903      0.9633
subject_nr                               38     -0.1285      0.2709     986      -0.47      0.6353      0.05     -0.6601      0.4031
subject_nr                               39     -0.4922      0.2554     986      -1.93      0.0542      0.05     -0.9934    0.008949
subject_nr                               40      0.4144      0.2602     986       1.59      0.1116      0.05    -0.09628      0.9250
subject_nr                               41     0.03000      0.2554     986       0.12      0.9065      0.05     -0.4712      0.5312
subject_nr                               42      0.2967      0.2602     986       1.14      0.2544      0.05     -0.2139      0.8074
subject_nr                               43     -0.8083      0.2554     986      -3.16      0.0016      0.05     -1.3095     -0.3071
subject_nr                               44     -0.1355      0.2709     986      -0.50      0.6169      0.05     -0.6672      0.3961
subject_nr                               45     -1.2605      0.2554     986      -4.94      <.0001      0.05     -1.7617     -0.7593
subject_nr                               46     -0.2554      0.2709     986      -0.94      0.3459      0.05     -0.7870      0.2761
subject_nr                               47      0.2993      0.2554     986       1.17      0.2416      0.05     -0.2019      0.8005
subject_nr                               48    -0.00653      0.2654     986      -0.02      0.9804      0.05     -0.5273      0.5143
subject_nr                               49      0.4236      0.2831     986       1.50      0.1349      0.05     -0.1320      0.9792
subject_nr                               50      0.6217      0.2554     986       2.43      0.0151      0.05      0.1205      1.1229
subject_nr                               51     -0.4250      0.2554     986      -1.66      0.0964      0.05     -0.9262     0.07620
subject_nr                               52     -0.5115      0.2602     986      -1.97      0.0496      0.05     -1.0222    -0.00086
subject_nr                               53     -0.2076      0.2554     986      -0.81      0.4165      0.05     -0.7088      0.2936
subject_nr                               54      0.5444      0.2654     986       2.05      0.0405      0.05     0.02363      1.0652
subject_nr                               55      0.5217      0.2654     986       1.97      0.0496      0.05    0.000882      1.0425
subject_nr                               56    -0.06026      0.2554     986      -0.24      0.8135      0.05     -0.5615      0.4409
subject_nr                               57     -0.5589      0.2654     986      -2.11      0.0355      0.05     -1.0796    -0.03808
subject_nr                               58      0.2337      0.2554     986       0.92      0.3604      0.05     -0.2675      0.7349
subject_nr                               59     -0.1579      0.2602     986      -0.61      0.5441      0.05     -0.6685      0.3528
subject_nr                               60      0.1232      0.2554     986       0.48      0.6296      0.05     -0.3780      0.6244
Exemplar      Aal                               -0.2792      0.1502     986      -1.86      0.0634      0.05     -0.5740     0.01557
Exemplar      Alligator                        -0.07977      0.1392     986      -0.57      0.5667      0.05     -0.3529      0.1934
Exemplar      Chamaeleon                        0.01816      0.1392     986       0.13      0.8962      0.05     -0.2549      0.2913
Exemplar      Falke                            -0.01816      0.1392     986      -0.13      0.8962      0.05     -0.2913      0.2549
Exemplar      Fledermaus                        0.01583      0.1565     986       0.10      0.9195      0.05     -0.2913      0.3229
Exemplar      Goldfisch                        -0.09322      0.1380     986      -0.68      0.4996      0.05     -0.3641      0.1776
Exemplar      Hai                                0.1377      0.1436     986       0.96      0.3378      0.05     -0.1441      0.4194
Exemplar      Hund                              -0.1589      0.1380     986      -1.15      0.2500      0.05     -0.4297      0.1120
Exemplar      Kaninchen                         -0.1382      0.1380     986      -1.00      0.3168      0.05     -0.4091      0.1326
Exemplar      Katze                            -0.07738      0.1398     986      -0.55      0.5800      0.05     -0.3517      0.1969
Exemplar      Klapperschlan                      0.2438      0.1471     986       1.66      0.0979      0.05    -0.04498      0.5325
                                                           The SAS System                      19:05 Thursday, December 12, 2019   8

                                                        The Mixed Procedure

                                                    Solution for Random Effects
 
                                                            Std Err
Effect        Exemplar         subject_nr      Estimate        Pred      DF    t Value    Pr > |t|     Alpha       Lower       Upper

Exemplar      Lachs                             -0.1068      0.1386     986      -0.77      0.4412      0.05     -0.3787      0.1652
Exemplar      Loewe                             0.05354      0.1380     986       0.39      0.6982      0.05     -0.2173      0.3244
Exemplar      Pferd                             0.05465      0.1380     986       0.40      0.6922      0.05     -0.2162      0.3255
Exemplar      Pinguin                           0.04706      0.1493     986       0.32      0.7527      0.05     -0.2460      0.3401
Exemplar      Schmetterling                     -0.1782      0.1485     986      -1.20      0.2302      0.05     -0.4696      0.1131
Exemplar      Seeloewe                         -0.03978      0.1502     986      -0.26      0.7911      0.05     -0.3345      0.2549
Exemplar      Spatz                              0.1646      0.1398     986       1.18      0.2391      0.05     -0.1096      0.4389
Exemplar      Wal                                0.4344      0.1521     986       2.86      0.0044      0.05      0.1359      0.7328


                                                   Type 3 Tests of Fixed Effects
 
                                                         Num     Den
                                           Effect         DF      DF    F Value    Pr > F

                                           Condition       1     986      23.06    <.0001
                                                           The SAS System                      19:05 Thursday, December 12, 2019   9

                                                        The Mixed Procedure

                                                         Model Information

                                       Data Set                     WORK.MOUSE               
                                       Dependent Variable           log_max_abs_dev          
                                       Covariance Structure         Variance Components      
                                       Estimation Method            REML                     
                                       Residual Variance Method     Profile                  
                                       Fixed Effects SE Method      Model-Based              
                                       Degrees of Freedom Method    Containment              


                                                      Class Level Information
 
                                       Class         Levels    Values

                                       Condition          2    Atypical Typical              
                                       Exemplar          19    Aal Alligator Chamaeleon Falke
                                                               Fledermaus Goldfisch Hai Hund 
                                                               Kaninchen Katze Klapperschlan 
                                                               Lachs Loewe Pferd Pinguin     
                                                               Schmetterling Seeloewe Spatz  
                                                               Wal                           
                                       subject_nr        60    1 2 3 4 5 6 7 8 9 10 11 12 13 
                                                               14 15 16 17 18 19 20 21 22 23 
                                                               24 25 26 27 28 29 30 31 32 33 
                                                               34 35 36 37 38 39 40 41 42 43 
                                                               44 45 46 47 48 49 50 51 52 53 
                                                               54 55 56 57 58 59 60          


                                                            Dimensions

                                                Covariance Parameters             3
                                                Columns in X                      3
                                                Columns in Z                     79
                                                Subjects                          1
                                                Max Obs per Subject            1064


                                                      Number of Observations

                                            Number of Observations Read            1064
                                            Number of Observations Used            1064
                                            Number of Observations Not Used           0


                                                         Iteration History
 
                                    Iteration    Evaluations    -2 Res Log Like       Criterion

                                            0              1      3315.35828464                
                                            1              2      3258.86012395      0.00000194
                                            2              1      3258.85883402      0.00000000
                                                           The SAS System                      19:05 Thursday, December 12, 2019  10

                                                        The Mixed Procedure

                                                     Convergence criteria met.                    


                                                  Covariance Parameter Estimates
 
                                                                Standard         Z
                                     Cov Parm       Estimate       Error     Value      Pr > Z

                                     subject_nr       0.1334     0.03682      3.62      0.0001
                                     Exemplar        0.03584     0.01972      1.82      0.0346
                                     Residual         1.1515     0.05189     22.19      <.0001


                                                          Fit Statistics

                                               -2 Res Log Likelihood          3258.9
                                               AIC (Smaller is Better)        3264.9
                                               AICC (Smaller is Better)       3264.9
                                               BIC (Smaller is Better)        3271.1


                                                    Solution for Fixed Effects
 
                                                   Standard
       Effect             Condition    Estimate       Error      DF    t Value    Pr > |t|     Alpha       Lower       Upper

       Intercept                         4.7679     0.08087      17      58.96      <.0001      0.05      4.5973      4.9385
       Condition          Atypical       0.5101      0.1180     986       4.32      <.0001      0.05      0.2785      0.7417
       Condition          Typical             0           .       .        .         .             .           .           .


                                                    Solution for Random Effects
 
                                                            Std Err
Effect        Exemplar         subject_nr      Estimate        Pred      DF    t Value    Pr > |t|     Alpha       Lower       Upper

subject_nr                                1     0.06884      0.2154     986       0.32      0.7494      0.05     -0.3540      0.4916
subject_nr                                2     -0.3344      0.2080     986      -1.61      0.1082      0.05     -0.7424     0.07373
subject_nr                                3      0.4199      0.2116     986       1.98      0.0475      0.05    0.004627      0.8351
subject_nr                                4      0.5573      0.2116     986       2.63      0.0086      0.05      0.1421      0.9726
subject_nr                                5     0.05172      0.2080     986       0.25      0.8036      0.05     -0.3564      0.4598
subject_nr                                6    -0.06105      0.2080     986      -0.29      0.7692      0.05     -0.4691      0.3470
subject_nr                                7      0.1146      0.2080     986       0.55      0.5818      0.05     -0.2935      0.5226
subject_nr                                8     -0.3538      0.2154     986      -1.64      0.1008      0.05     -0.7766     0.06896
subject_nr                                9      0.1481      0.2239     986       0.66      0.5085      0.05     -0.2913      0.5875
subject_nr                               10     -0.1922      0.2080     986      -0.92      0.3556      0.05     -0.6003      0.2159
subject_nr                               11     0.09256      0.2080     986       0.45      0.6564      0.05     -0.3155      0.5006
subject_nr                               12     -0.2902      0.2154     986      -1.35      0.1783      0.05     -0.7129      0.1326
subject_nr                               13      0.1837      0.2080     986       0.88      0.3771      0.05     -0.2243      0.5918
subject_nr                               14      0.1013      0.2155     986       0.47      0.6383      0.05     -0.3215      0.5241
subject_nr                               15     -0.1064      0.2155     986      -0.49      0.6216      0.05     -0.5292      0.3164
subject_nr                               16      0.3009      0.2239     986       1.34      0.1793      0.05     -0.1385      0.7404
subject_nr                               17    -0.03173      0.2116     986      -0.15      0.8808      0.05     -0.4470      0.3835
subject_nr                               18      0.1351      0.2116     986       0.64      0.5234      0.05     -0.2802      0.5503
subject_nr                               19     -0.5096      0.2116     986      -2.41      0.0162      0.05     -0.9249    -0.09441
subject_nr                               20     -0.1154      0.2080     986      -0.55      0.5791      0.05     -0.5235      0.2927
                                                           The SAS System                      19:05 Thursday, December 12, 2019  11

                                                        The Mixed Procedure

                                                    Solution for Random Effects
 
                                                            Std Err
Effect        Exemplar         subject_nr      Estimate        Pred      DF    t Value    Pr > |t|     Alpha       Lower       Upper

subject_nr                               21      0.3331      0.2116     986       1.57      0.1158      0.05    -0.08217      0.7483
subject_nr                               22    -0.04396      0.2154     986      -0.20      0.8384      0.05     -0.4668      0.3788
subject_nr                               23      0.3726      0.2080     986       1.79      0.0735      0.05    -0.03548      0.7807
subject_nr                               24     -0.2210      0.2080     986      -1.06      0.2882      0.05     -0.6291      0.1871
subject_nr                               25      0.1362      0.2155     986       0.63      0.5273      0.05     -0.2866      0.5590
subject_nr                               26      0.2975      0.2116     986       1.41      0.1601      0.05     -0.1178      0.7127
subject_nr                               27    -0.01450      0.2195     986      -0.07      0.9474      0.05     -0.4453      0.4163
subject_nr                               28    -0.02157      0.2239     986      -0.10      0.9233      0.05     -0.4609      0.4178
subject_nr                               29    -0.00018      0.2195     986      -0.00      0.9993      0.05     -0.4310      0.4306
subject_nr                               30      0.2010      0.2155     986       0.93      0.3512      0.05     -0.2219      0.6238
subject_nr                               31     -0.4290      0.2080     986      -2.06      0.0394      0.05     -0.8371    -0.02092
subject_nr                               32     -0.2778      0.2116     986      -1.31      0.1895      0.05     -0.6930      0.1374
subject_nr                               33      0.4446      0.2080     986       2.14      0.0328      0.05     0.03653      0.8527
subject_nr                               34     -0.2173      0.2080     986      -1.04      0.2964      0.05     -0.6254      0.1908
subject_nr                               35     -0.3620      0.2080     986      -1.74      0.0821      0.05     -0.7700     0.04613
subject_nr                               36      0.5739      0.2447     986       2.35      0.0192      0.05     0.09379      1.0540
subject_nr                               37      0.4220      0.2080     986       2.03      0.0427      0.05     0.01390      0.8301
subject_nr                               38    -0.08681      0.2195     986      -0.40      0.6926      0.05     -0.5176      0.3440
subject_nr                               39     -0.2203      0.2080     986      -1.06      0.2897      0.05     -0.6284      0.1878
subject_nr                               40      0.2885      0.2116     986       1.36      0.1730      0.05     -0.1267      0.7037
subject_nr                               41    0.007789      0.2080     986       0.04      0.9701      0.05     -0.4003      0.4159
subject_nr                               42      0.2526      0.2116     986       1.19      0.2328      0.05     -0.1626      0.6679
subject_nr                               43     -0.6188      0.2080     986      -2.98      0.0030      0.05     -1.0268     -0.2107
subject_nr                               44     -0.1334      0.2196     986      -0.61      0.5435      0.05     -0.5643      0.2974
subject_nr                               45     -0.7879      0.2080     986      -3.79      0.0002      0.05     -1.1960     -0.3799
subject_nr                               46     -0.1305      0.2195     986      -0.59      0.5524      0.05     -0.5613      0.3003
subject_nr                               47      0.1066      0.2080     986       0.51      0.6082      0.05     -0.3014      0.5147
subject_nr                               48     0.04580      0.2155     986       0.21      0.8317      0.05     -0.3770      0.4686
subject_nr                               49      0.3884      0.2286     986       1.70      0.0895      0.05    -0.06006      0.8370
subject_nr                               50      0.3082      0.2080     986       1.48      0.1387      0.05    -0.09990      0.7163
subject_nr                               51     -0.2546      0.2080     986      -1.22      0.2211      0.05     -0.6627      0.1535
subject_nr                               52     -0.4149      0.2116     986      -1.96      0.0502      0.05     -0.8302    0.000305
subject_nr                               53     -0.2390      0.2080     986      -1.15      0.2507      0.05     -0.6471      0.1691
subject_nr                               54      0.3640      0.2154     986       1.69      0.0914      0.05    -0.05876      0.7868
subject_nr                               55      0.2171      0.2155     986       1.01      0.3139      0.05     -0.2057      0.6399
subject_nr                               56     0.01977      0.2080     986       0.10      0.9243      0.05     -0.3883      0.4279
subject_nr                               57     -0.4222      0.2154     986      -1.96      0.0503      0.05     -0.8450    0.000564
subject_nr                               58      0.3005      0.2080     986       1.45      0.1487      0.05     -0.1075      0.7086
subject_nr                               59     -0.3288      0.2116     986      -1.55      0.1205      0.05     -0.7441     0.08636
subject_nr                               60    -0.03497      0.2080     986      -0.17      0.8665      0.05     -0.4431      0.3731
Exemplar      Aal                               -0.2152      0.1306     986      -1.65      0.0998      0.05     -0.4716     0.04114
Exemplar      Alligator                        -0.06931      0.1207     986      -0.57      0.5660      0.05     -0.3062      0.1676
Exemplar      Chamaeleon                        0.02541      0.1207     986       0.21      0.8333      0.05     -0.2114      0.2623
Exemplar      Falke                             0.04184      0.1207     986       0.35      0.7290      0.05     -0.1950      0.2787
Exemplar      Fledermaus                        0.02644      0.1361     986       0.19      0.8461      0.05     -0.2407      0.2936
Exemplar      Goldfisch                        -0.07978      0.1197     986      -0.67      0.5052      0.05     -0.3147      0.1551
Exemplar      Hai                                0.1345      0.1246     986       1.08      0.2806      0.05     -0.1100      0.3789
Exemplar      Hund                              -0.1546      0.1197     986      -1.29      0.1968      0.05     -0.3895     0.08031
Exemplar      Kaninchen                         -0.1674      0.1197     986      -1.40      0.1623      0.05     -0.4023     0.06750
Exemplar      Katze                             -0.1088      0.1212     986      -0.90      0.3699      0.05     -0.3466      0.1291
Exemplar      Klapperschlan                      0.1853      0.1277     986       1.45      0.1471      0.05    -0.06528      0.4359
                                                           The SAS System                      19:05 Thursday, December 12, 2019  12

                                                        The Mixed Procedure

                                                    Solution for Random Effects
 
                                                            Std Err
Effect        Exemplar         subject_nr      Estimate        Pred      DF    t Value    Pr > |t|     Alpha       Lower       Upper

Exemplar      Lachs                            -0.08681      0.1202     986      -0.72      0.4703      0.05     -0.3227      0.1490
Exemplar      Loewe                             0.08484      0.1197     986       0.71      0.4787      0.05     -0.1501      0.3197
Exemplar      Pferd                             0.02972      0.1197     986       0.25      0.8040      0.05     -0.2052      0.2646
Exemplar      Pinguin                           0.04980      0.1299     986       0.38      0.7015      0.05     -0.2050      0.3046
Exemplar      Schmetterling                     -0.1301      0.1291     986      -1.01      0.3139      0.05     -0.3835      0.1233
Exemplar      Seeloewe                          -0.1012      0.1306     986      -0.77      0.4388      0.05     -0.3575      0.1551
Exemplar      Spatz                              0.1651      0.1212     986       1.36      0.1735      0.05    -0.07277      0.4030
Exemplar      Wal                                0.3702      0.1323     986       2.80      0.0052      0.05      0.1107      0.6298


                                                   Type 3 Tests of Fixed Effects
 
                                                         Num     Den
                                           Effect         DF      DF    F Value    Pr > F

                                           Condition       1     986      18.68    <.0001
                                                           The SAS System                      19:05 Thursday, December 12, 2019  13

                                                        The Mixed Procedure

                                                         Model Information

                                       Data Set                     WORK.MOUSE               
                                       Dependent Variable           log_AUC                  
                                       Covariance Structure         Variance Components      
                                       Estimation Method            REML                     
                                       Residual Variance Method     Profile                  
                                       Fixed Effects SE Method      Model-Based              
                                       Degrees of Freedom Method    Containment              


                                                      Class Level Information
 
                                       Class         Levels    Values

                                       Condition          2    Atypical Typical              
                                       Exemplar          19    Aal Alligator Chamaeleon Falke
                                                               Fledermaus Goldfisch Hai Hund 
                                                               Kaninchen Katze Klapperschlan 
                                                               Lachs Loewe Pferd Pinguin     
                                                               Schmetterling Seeloewe Spatz  
                                                               Wal                           
                                       subject_nr        60    1 2 3 4 5 6 7 8 9 10 11 12 13 
                                                               14 15 16 17 18 19 20 21 22 23 
                                                               24 25 26 27 28 29 30 31 32 33 
                                                               34 35 36 37 38 39 40 41 42 43 
                                                               44 45 46 47 48 49 50 51 52 53 
                                                               54 55 56 57 58 59 60          


                                                            Dimensions

                                                Covariance Parameters             3
                                                Columns in X                      3
                                                Columns in Z                     79
                                                Subjects                          1
                                                Max Obs per Subject            1061


                                                      Number of Observations

                                            Number of Observations Read            1064
                                            Number of Observations Used            1061
                                            Number of Observations Not Used           3


                                                         Iteration History
 
                                    Iteration    Evaluations    -2 Res Log Like       Criterion

                                            0              1      3272.20907723                
                                            1              2      3217.31877635      0.00000030
                                            2              1      3217.31858269      0.00000000
                                                           The SAS System                      19:05 Thursday, December 12, 2019  14

                                                        The Mixed Procedure

                                                     Convergence criteria met.                    


                                                  Covariance Parameter Estimates
 
                                                                Standard         Z
                                     Cov Parm       Estimate       Error     Value      Pr > Z

                                     subject_nr       0.1344     0.03658      3.68      0.0001
                                     Exemplar        0.02118     0.01444      1.47      0.0713
                                     Residual         1.1204     0.05055     22.16      <.0001


                                                          Fit Statistics

                                               -2 Res Log Likelihood          3217.3
                                               AIC (Smaller is Better)        3223.3
                                               AICC (Smaller is Better)       3223.3
                                               BIC (Smaller is Better)        3229.6


                                                    Solution for Fixed Effects
 
                                                Standard
          Effect       Condition    Estimate       Error      DF    t Value    Pr > |t|     Alpha       Lower       Upper

          Intercept                  11.0153     0.07341      17     150.06      <.0001      0.05     10.8605     11.1702
          Condition    Atypical       0.4058      0.1012     983       4.01      <.0001      0.05      0.2073      0.6043
          Condition    Typical             0           .       .        .         .             .           .           .


                                                    Solution for Random Effects
 
                                                            Std Err
Effect        Exemplar         subject_nr      Estimate        Pred      DF    t Value    Pr > |t|     Alpha       Lower       Upper

subject_nr                                1      0.1373      0.2139     983       0.64      0.5210      0.05     -0.2824      0.5570
subject_nr                                2     -0.3150      0.2064     983      -1.53      0.1273      0.05     -0.7199     0.09001
subject_nr                                3      0.4452      0.2100     983       2.12      0.0343      0.05     0.03309      0.8573
subject_nr                                4      0.5361      0.2100     983       2.55      0.0108      0.05      0.1240      0.9483
subject_nr                                5    0.008001      0.2064     983       0.04      0.9691      0.05     -0.3970      0.4130
subject_nr                                6     -0.1366      0.2064     983      -0.66      0.5082      0.05     -0.5416      0.2684
subject_nr                                7      0.1323      0.2064     983       0.64      0.5216      0.05     -0.2727      0.5373
subject_nr                                8     -0.4115      0.2139     983      -1.92      0.0546      0.05     -0.8312    0.008180
subject_nr                                9      0.1229      0.2224     983       0.55      0.5807      0.05     -0.3135      0.5592
subject_nr                               10     -0.1647      0.2064     983      -0.80      0.4249      0.05     -0.5697      0.2402
subject_nr                               11      0.1131      0.2064     983       0.55      0.5839      0.05     -0.2919      0.5180
subject_nr                               12     -0.2970      0.2139     983      -1.39      0.1652      0.05     -0.7167      0.1227
subject_nr                               13     0.06801      0.2064     983       0.33      0.7418      0.05     -0.3370      0.4730
subject_nr                               14      0.1285      0.2139     983       0.60      0.5481      0.05     -0.2912      0.5482
subject_nr                               15    -0.06170      0.2139     983      -0.29      0.7731      0.05     -0.4814      0.3580
subject_nr                               16      0.1877      0.2224     983       0.84      0.3987      0.05     -0.2487      0.6241
subject_nr                               17      0.1019      0.2100     983       0.49      0.6276      0.05     -0.3102      0.5140
subject_nr                               18      0.1614      0.2139     983       0.75      0.4507      0.05     -0.2583      0.5811
subject_nr                               19     -0.4759      0.2100     983      -2.27      0.0237      0.05     -0.8880    -0.06378
subject_nr                               20    -0.09631      0.2064     983      -0.47      0.6408      0.05     -0.5013      0.3087
                                                           The SAS System                      19:05 Thursday, December 12, 2019  15

                                                        The Mixed Procedure

                                                    Solution for Random Effects
 
                                                            Std Err
Effect        Exemplar         subject_nr      Estimate        Pred      DF    t Value    Pr > |t|     Alpha       Lower       Upper

subject_nr                               21      0.2824      0.2100     983       1.34      0.1790      0.05     -0.1297      0.6946
subject_nr                               22    0.002503      0.2139     983       0.01      0.9907      0.05     -0.4172      0.4222
subject_nr                               23      0.4625      0.2064     983       2.24      0.0252      0.05     0.05752      0.8675
subject_nr                               24     -0.1322      0.2064     983      -0.64      0.5220      0.05     -0.5372      0.2728
subject_nr                               25      0.2175      0.2139     983       1.02      0.3093      0.05     -0.2022      0.6372
subject_nr                               26      0.3563      0.2100     983       1.70      0.0901      0.05    -0.05581      0.7684
subject_nr                               27    -0.06307      0.2180     983      -0.29      0.7724      0.05     -0.4908      0.3647
subject_nr                               28    -0.09830      0.2223     983      -0.44      0.6585      0.05     -0.5346      0.3380
subject_nr                               29     -0.1486      0.2180     983      -0.68      0.4956      0.05     -0.5763      0.2792
subject_nr                               30      0.2024      0.2139     983       0.95      0.3443      0.05     -0.2174      0.6221
subject_nr                               31     -0.3410      0.2064     983      -1.65      0.0988      0.05     -0.7460     0.06400
subject_nr                               32     -0.3193      0.2100     983      -1.52      0.1288      0.05     -0.7314     0.09286
subject_nr                               33      0.4101      0.2100     983       1.95      0.0511      0.05    -0.00202      0.8222
subject_nr                               34     -0.2093      0.2064     983      -1.01      0.3108      0.05     -0.6142      0.1957
subject_nr                               35     -0.3902      0.2064     983      -1.89      0.0590      0.05     -0.7952     0.01478
subject_nr                               36      0.5423      0.2432     983       2.23      0.0260      0.05     0.06503      1.0195
subject_nr                               37      0.6005      0.2064     983       2.91      0.0037      0.05      0.1955      1.0055
subject_nr                               38     -0.1348      0.2180     983      -0.62      0.5365      0.05     -0.5625      0.2930
subject_nr                               39     -0.2145      0.2064     983      -1.04      0.2989      0.05     -0.6195      0.1905
subject_nr                               40      0.1255      0.2100     983       0.60      0.5503      0.05     -0.2866      0.5376
subject_nr                               41    -0.07909      0.2064     983      -0.38      0.7016      0.05     -0.4841      0.3259
subject_nr                               42      0.2917      0.2100     983       1.39      0.1652      0.05     -0.1205      0.7038
subject_nr                               43     -0.7010      0.2064     983      -3.40      0.0007      0.05     -1.1060     -0.2960
subject_nr                               44    -0.06118      0.2180     983      -0.28      0.7790      0.05     -0.4889      0.3666
subject_nr                               45     -0.7051      0.2064     983      -3.42      0.0007      0.05     -1.1101     -0.3001
subject_nr                               46     -0.1439      0.2180     983      -0.66      0.5091      0.05     -0.5717      0.2838
subject_nr                               47      0.2164      0.2064     983       1.05      0.2946      0.05     -0.1886      0.6214
subject_nr                               48      0.1211      0.2139     983       0.57      0.5715      0.05     -0.2987      0.5408
subject_nr                               49      0.2748      0.2320     983       1.18      0.2365      0.05     -0.1805      0.7301
subject_nr                               50      0.2834      0.2064     983       1.37      0.1700      0.05     -0.1216      0.6884
subject_nr                               51     -0.3987      0.2064     983      -1.93      0.0537      0.05     -0.8036    0.006310
subject_nr                               52     -0.3639      0.2100     983      -1.73      0.0835      0.05     -0.7760     0.04823
subject_nr                               53     -0.2922      0.2064     983      -1.42      0.1571      0.05     -0.6972      0.1128
subject_nr                               54      0.3312      0.2139     983       1.55      0.1218      0.05    -0.08852      0.7509
subject_nr                               55      0.1882      0.2139     983       0.88      0.3791      0.05     -0.2315      0.6079
subject_nr                               56    0.008854      0.2064     983       0.04      0.9658      0.05     -0.3961      0.4138
subject_nr                               57     -0.4151      0.2139     983      -1.94      0.0525      0.05     -0.8348    0.004551
subject_nr                               58      0.3567      0.2064     983       1.73      0.0842      0.05    -0.04827      0.7617
subject_nr                               59     -0.2681      0.2100     983      -1.28      0.2020      0.05     -0.6802      0.1440
subject_nr                               60     0.02140      0.2064     983       0.10      0.9174      0.05     -0.3836      0.4264
Exemplar      Aal                               -0.1526      0.1106     983      -1.38      0.1680      0.05     -0.3697     0.06446
Exemplar      Alligator                        -0.06612      0.1047     983      -0.63      0.5280      0.05     -0.2717      0.1394
Exemplar      Chamaeleon                        0.01690      0.1047     983       0.16      0.8719      0.05     -0.1886      0.2224
Exemplar      Falke                             0.01769      0.1047     983       0.17      0.8659      0.05     -0.1878      0.2232
Exemplar      Fledermaus                       -0.01263      0.1146     983      -0.11      0.9123      0.05     -0.2376      0.2123
Exemplar      Goldfisch                        -0.03377      0.1040     983      -0.32      0.7455      0.05     -0.2378      0.1703
Exemplar      Hai                               0.05913      0.1075     983       0.55      0.5826      0.05     -0.1519      0.2702
Exemplar      Hund                             -0.08197      0.1040     983      -0.79      0.4308      0.05     -0.2860      0.1221
Exemplar      Kaninchen                         -0.1065      0.1040     983      -1.02      0.3062      0.05     -0.3105     0.09761
Exemplar      Katze                            -0.06215      0.1051     983      -0.59      0.5545      0.05     -0.2684      0.1441
Exemplar      Klapperschlan                     0.04579      0.1103     983       0.42      0.6780      0.05     -0.1706      0.2622
                                                           The SAS System                      19:05 Thursday, December 12, 2019  16

                                                        The Mixed Procedure

                                                    Solution for Random Effects
 
                                                            Std Err
Effect        Exemplar         subject_nr      Estimate        Pred      DF    t Value    Pr > |t|     Alpha       Lower       Upper

Exemplar      Lachs                            -0.05572      0.1043     983      -0.53      0.5935      0.05     -0.2605      0.1490
Exemplar      Loewe                             0.05676      0.1040     983       0.55      0.5853      0.05     -0.1473      0.2608
Exemplar      Pferd                             0.04061      0.1040     983       0.39      0.6962      0.05     -0.1635      0.2447
Exemplar      Pinguin                           0.01756      0.1103     983       0.16      0.8736      0.05     -0.1990      0.2341
Exemplar      Schmetterling                    -0.07251      0.1095     983      -0.66      0.5080      0.05     -0.2874      0.1423
Exemplar      Seeloewe                         -0.06438      0.1109     983      -0.58      0.5617      0.05     -0.2820      0.1533
Exemplar      Spatz                              0.1693      0.1051     983       1.61      0.1076      0.05    -0.03696      0.3756
Exemplar      Wal                                0.2846      0.1118     983       2.54      0.0111      0.05     0.06515      0.5041


                                                   Type 3 Tests of Fixed Effects
 
                                                         Num     Den
                                           Effect         DF      DF    F Value    Pr > F

                                           Condition       1     983      16.09    <.0001
